<?xml version="1.0" encoding="UTF-8"?>
<!-- Generated by org.testng.reporters.JUnitXMLReporter -->
<testsuite hostname="DESKTOP-2TQFBEG" ignored="0" name="Default test" tests="8" failures="0" timestamp="2023-06-26T15:57:39 IST" time="891.503" errors="0">
  <testcase name="toMultiUserCreation" time="120.138" classname="com.pss.admin.AdminUserCreation.MultiUsersCreationAndPasswordChangeAdminTest"/>
  <testcase name="toMultiUserCreation" time="110.362" classname="com.pss.admin.AdminUserCreation.MultiUsersCreationAndPasswordChangeAdminTest"/>
  <testcase name="toMultiUserCreation" time="110.411" classname="com.pss.admin.AdminUserCreation.MultiUsersCreationAndPasswordChangeAdminTest"/>
  <testcase name="toMultiUserCreation" time="110.2" classname="com.pss.admin.AdminUserCreation.MultiUsersCreationAndPasswordChangeAdminTest"/>
  <testcase name="toMultiUserCreation" time="109.549" classname="com.pss.admin.AdminUserCreation.MultiUsersCreationAndPasswordChangeAdminTest"/>
  <testcase name="toMultiUserCreation" time="110.713" classname="com.pss.admin.AdminUserCreation.MultiUsersCreationAndPasswordChangeAdminTest"/>
  <testcase name="toMultiUserCreation" time="110.107" classname="com.pss.admin.AdminUserCreation.MultiUsersCreationAndPasswordChangeAdminTest"/>
  <testcase name="toMultiUserCreation" time="109.444" classname="com.pss.admin.AdminUserCreation.MultiUsersCreationAndPasswordChangeAdminTest"/>
</testsuite> <!-- Default test -->
