<?xml version="1.0" encoding="UTF-8"?>
<!-- Generated by org.testng.reporters.JUnitXMLReporter -->
<testsuite hostname="DESKTOP-2TQFBEG" ignored="0" name="InternalForwardFlowTestSuiteReport" tests="6" failures="0" timestamp="2023-06-26T17:28:13 IST" time="2690.646" errors="0">
  <testcase name="createJobAllotment" time="359.583" classname="com.pss.lims.sm.InternalForwardFlow.MultiTestsJobAllotment"/>
  <testcase name="methodToapproveMyJobMulti" time="767.73" classname="com.pss.lims.sm.InternalForwardFlow.MultiJobWorksheetPrint"/>
  <testcase name="toMultiTestJobResultsForSMFullVersion" time="790.128" classname="com.pss.lims.sm.InternalForwardFlow.MutiTestsJobResultsSMFullVersionInternal"/>
  <testcase name="methodToapproveMyJobMultiSI" time="587.73" classname="com.pss.lims.sm.InternalForwardFlow.SIApprovalMultipleTestsWithSameARNumber"/>
  <testcase name="createSampleResult" time="63.409" classname="com.pss.lims.sm.InternalForwardFlow.SampleResult"/>
  <testcase name="approveCOA" time="67.767" classname="com.pss.lims.sm.InternalForwardFlow.COAApprove"/>
</testsuite> <!-- InternalForwardFlowTestSuiteReport -->
