<?xml version="1.0" encoding="UTF-8"?>
<!-- Generated by org.testng.reporters.JUnitXMLReporter -->
<testsuite hostname="DESKTOP-2TQFBEG" ignored="0" name="SampleRegistrationTest" tests="1" failures="1" timestamp="2023-06-27T16:17:05 IST" time="57.787" errors="0">
  <testcase name="@AfterMethod testIT" time="-1.687862825622E9" classname="com.pss.lims.sm.InternalForwardFlow.MultiTestSelectionInSampleRegistration">
    <failure type="java.lang.RuntimeException" message="Test skipped due to a detected failure in the overall suite.">
      <![CDATA[java.lang.RuntimeException: Test skipped due to a detected failure in the overall suite.
at com.pss.lims.Listners.SuiteFailingInvokedMethodListener.beforeInvocation(SuiteFailingInvokedMethodListener.java:17)
at java.util.ArrayList.forEach(ArrayList.java:1257)
... Removed 29 stack frames]]>
    </failure>
  </testcase> <!-- @AfterMethod testIT -->
  <testcase name="@AfterClass tearDown" time="-1.687862825628E9" classname="com.pss.lims.login.SMLoginDetails">
    <failure type="java.lang.RuntimeException" message="Test skipped due to a detected failure in the overall suite.">
      <![CDATA[java.lang.RuntimeException: Test skipped due to a detected failure in the overall suite.
at com.pss.lims.Listners.SuiteFailingInvokedMethodListener.beforeInvocation(SuiteFailingInvokedMethodListener.java:17)
at java.util.ArrayList.forEach(ArrayList.java:1257)
... Removed 21 stack frames]]>
    </failure>
  </testcase> <!-- @AfterClass tearDown -->
  <testcase name="createSampleRegistration" time="50.054" classname="com.pss.lims.sm.InternalForwardFlow.MultiTestSelectionInSampleRegistration">
    <failure type="org.openqa.selenium.NoSuchWindowException" message="no such window: target window already closed
from unknown error: web view not found
  (Session info: chrome=114.0.5735.134)
Build info: version: &amp;apos;3.141.59&amp;apos;, revision: &amp;apos;e82be7d358&amp;apos;, time: &amp;apos;2018-11-14T08:17:03&amp;apos;
System info: host: &amp;apos;DESKTOP-2TQFBEG&amp;apos;, ip: &amp;apos;192.168.1.112&amp;apos;, os.name: &amp;apos;Windows 10&amp;apos;, os.arch: &amp;apos;amd64&amp;apos;, os.version: &amp;apos;10.0&amp;apos;, java.version: &amp;apos;1.8.0_202&amp;apos;
Driver info: org.openqa.selenium.chrome.ChromeDriver
Capabilities {acceptInsecureCerts: false, browserName: chrome, browserVersion: 114.0.5735.134, chrome: {chromedriverVersion: 114.0.5735.90 (386bc09e8f4f..., userDataDir: C:\Users\krmoh\AppData\Loca...}, goog:chromeOptions: {debuggerAddress: localhost:62532}, javascriptEnabled: true, networkConnectionEnabled: false, pageLoadStrategy: normal, platform: WINDOWS, platformName: WINDOWS, proxy: Proxy(), setWindowRect: true, strictFileInteractability: false, timeouts: {implicit: 0, pageLoad: 300000, script: 30000}, unhandledPromptBehavior: dismiss and notify, webauthn:extension:credBlob: true, webauthn:extension:largeBlob: true, webauthn:extension:minPinLength: true, webauthn:extension:prf: true, webauthn:virtualAuthenticators: true}
Session ID: 10036f342d142b7325c4aa40c8abac1e
*** Element info: {Using=id, value=productsTableContainer}">
      <![CDATA[org.openqa.selenium.NoSuchWindowException: no such window: target window already closed
from unknown error: web view not found
  (Session info: chrome=114.0.5735.134)
Build info: version: '3.141.59', revision: 'e82be7d358', time: '2018-11-14T08:17:03'
System info: host: 'DESKTOP-2TQFBEG', ip: '192.168.1.112', os.name: 'Windows 10', os.arch: 'amd64', os.version: '10.0', java.version: '1.8.0_202'
Driver info: org.openqa.selenium.chrome.ChromeDriver
Capabilities {acceptInsecureCerts: false, browserName: chrome, browserVersion: 114.0.5735.134, chrome: {chromedriverVersion: 114.0.5735.90 (386bc09e8f4f..., userDataDir: C:\Users\krmoh\AppData\Loca...}, goog:chromeOptions: {debuggerAddress: localhost:62532}, javascriptEnabled: true, networkConnectionEnabled: false, pageLoadStrategy: normal, platform: WINDOWS, platformName: WINDOWS, proxy: Proxy(), setWindowRect: true, strictFileInteractability: false, timeouts: {implicit: 0, pageLoad: 300000, script: 30000}, unhandledPromptBehavior: dismiss and notify, webauthn:extension:credBlob: true, webauthn:extension:largeBlob: true, webauthn:extension:minPinLength: true, webauthn:extension:prf: true, webauthn:virtualAuthenticators: true}
Session ID: 10036f342d142b7325c4aa40c8abac1e
*** Element info: {Using=id, value=productsTableContainer}
at org.openqa.selenium.remote.http.W3CHttpResponseCodec.createException(W3CHttpResponseCodec.java:187)
at org.openqa.selenium.remote.http.W3CHttpResponseCodec.decode(W3CHttpResponseCodec.java:122)
at org.openqa.selenium.remote.http.W3CHttpResponseCodec.decode(W3CHttpResponseCodec.java:49)
at org.openqa.selenium.remote.HttpCommandExecutor.execute(HttpCommandExecutor.java:158)
at org.openqa.selenium.remote.service.DriverCommandExecutor.execute(DriverCommandExecutor.java:83)
at org.openqa.selenium.remote.RemoteWebDriver.execute(RemoteWebDriver.java:552)
at org.openqa.selenium.remote.RemoteWebDriver.findElement(RemoteWebDriver.java:323)
at org.openqa.selenium.remote.RemoteWebDriver.findElementById(RemoteWebDriver.java:372)
at org.openqa.selenium.By$ById.findElement(By.java:188)
at org.openqa.selenium.remote.RemoteWebDriver.findElement(RemoteWebDriver.java:315)
at com.pss.lims.sm.InternalForwardFlow.MultiTestSelectionInSampleRegistration.selectRecordForProduct(MultiTestSelectionInSampleRegistration.java:431)
at com.pss.lims.sm.InternalForwardFlow.MultiTestSelectionInSampleRegistration.methodTocreateSampleRegistration(MultiTestSelectionInSampleRegistration.java:118)
at com.pss.lims.sm.InternalForwardFlow.MultiTestSelectionInSampleRegistration.createSampleRegistration(MultiTestSelectionInSampleRegistration.java:82)
at java.util.ArrayList.forEach(ArrayList.java:1257)
... Removed 31 stack frames]]>
    </failure>
  </testcase> <!-- createSampleRegistration -->
</testsuite> <!-- SampleRegistrationTest -->
